2021-07-08 10:48:59,092 - instagram_scraper.app - WARNING - Failed to get media details for COv6kgugqFm
2021-07-08 10:48:59,535 - instagram_scraper.app - WARNING - Failed to get media details for CNvyOIfgqO7
2021-07-08 10:48:59,983 - instagram_scraper.app - WARNING - Failed to get media details for CKpPRirAnX-
2021-07-08 10:49:00,406 - instagram_scraper.app - WARNING - Failed to get media details for CKcbAGzATV9
2021-07-08 10:49:00,838 - instagram_scraper.app - WARNING - Failed to get media details for CJZtCa8AHCX
2021-07-08 10:49:01,243 - instagram_scraper.app - WARNING - Failed to get media details for CHTlLl3gynq
2021-07-08 10:49:01,675 - instagram_scraper.app - WARNING - Failed to get media details for CF5D1y_g3Y5
2021-07-08 10:49:02,108 - instagram_scraper.app - WARNING - Failed to get media details for CEfpQgzgoB_
2021-07-08 10:49:02,759 - instagram_scraper.app - WARNING - Failed to get media details for CD-ESdBA0hr
2021-07-08 10:49:03,215 - instagram_scraper.app - WARNING - Failed to get media details for CDsBMF2g5_2
2021-07-08 10:49:03,851 - instagram_scraper.app - WARNING - Failed to get media details for CCcRfCiATJ1
2021-07-08 10:49:04,289 - instagram_scraper.app - WARNING - Failed to get media details for CBet6whFgfb
2021-07-08 10:49:04,731 - instagram_scraper.app - WARNING - Failed to get media details for CAmNCYxAGdi
2021-07-08 10:49:05,344 - instagram_scraper.app - WARNING - Failed to get media details for CAgSyn6g3rL
2021-07-08 10:49:05,905 - instagram_scraper.app - WARNING - Failed to get media details for B-IqwRNgKT_
2021-07-08 10:49:06,347 - instagram_scraper.app - WARNING - Failed to get media details for B7wVHuIA_BX
2021-07-08 10:49:06,789 - instagram_scraper.app - WARNING - Failed to get media details for B61iBVtg3w5
2021-07-08 10:49:07,232 - instagram_scraper.app - WARNING - Failed to get media details for B6ZDwbrA-zv
2021-07-08 10:49:07,658 - instagram_scraper.app - WARNING - Failed to get media details for B6OEcH0gz0J
2021-07-08 10:49:08,096 - instagram_scraper.app - WARNING - Failed to get media details for B5o2MKhADTz
2021-07-08 10:49:08,522 - instagram_scraper.app - WARNING - Failed to get media details for B5i5X4WAsHD
2021-07-08 10:49:08,684 - instagram_scraper.app - WARNING - No Content-Length in response, the file 146327191_519576446110881_8746368003739828586_n.jpg may be partially downloaded
2021-07-08 10:49:08,839 - instagram_scraper.app - WARNING - No Content-Length in response, the file 102451809_710488436405528_5310082242753939048_n.jpg may be partially downloaded
2021-07-08 10:49:08,845 - instagram_scraper.app - WARNING - No Content-Length in response, the file 101259001_3012740908843432_2087073415267719131_n.jpg may be partially downloaded
2021-07-08 10:49:08,943 - instagram_scraper.app - WARNING - No Content-Length in response, the file 90212989_944050579344034_8832642033145194819_n.jpg may be partially downloaded
2021-07-08 10:49:09,020 - instagram_scraper.app - WARNING - No Content-Length in response, the file 72554844_2333947243377222_2152206834597183410_n.jpg may be partially downloaded
2021-07-08 10:49:09,039 - instagram_scraper.app - WARNING - No Content-Length in response, the file 80799183_161794955179509_5468591708532059368_n.jpg may be partially downloaded
2021-07-08 10:49:09,045 - instagram_scraper.app - WARNING - No Content-Length in response, the file 75371277_723361451488284_490233877435283649_n.jpg may be partially downloaded
2021-07-08 10:49:09,066 - instagram_scraper.app - WARNING - No Content-Length in response, the file 80720123_138906387537830_6219605377664398797_n.jpg may be partially downloaded
2021-07-08 10:49:09,088 - instagram_scraper.app - WARNING - No Content-Length in response, the file 75440991_156320412307305_8442757303756244233_n.jpg may be partially downloaded
2021-07-08 10:49:09,128 - instagram_scraper.app - WARNING - No Content-Length in response, the file 71199984_148284913115343_2242720543519196226_n.jpg may be partially downloaded
2021-07-08 10:49:09,377 - instagram_scraper.app - WARNING - Failed to get media details for B4_EpuKg2VZ
2021-07-08 10:49:09,819 - instagram_scraper.app - WARNING - Failed to get media details for B4tEm2yAu6o
2021-07-08 10:49:10,413 - instagram_scraper.app - WARNING - Failed to get media details for B4QsTnBFoIP
2021-07-08 10:49:10,840 - instagram_scraper.app - WARNING - Failed to get media details for B4Gr4nRgo-o
2021-07-08 10:49:11,303 - instagram_scraper.app - WARNING - Failed to get media details for B3qXlh3gFYv
2021-07-08 10:49:11,723 - instagram_scraper.app - WARNING - Failed to get media details for B2-_3uHgK3E
2021-07-08 10:49:12,158 - instagram_scraper.app - WARNING - Failed to get media details for B2vDYw8AH1F
2021-07-08 10:49:12,600 - instagram_scraper.app - WARNING - Failed to get media details for BqT67_ZgLJa
2021-07-08 10:49:13,049 - instagram_scraper.app - WARNING - Failed to get media details for BgWlvjJHa7t
2021-07-08 10:49:13,699 - instagram_scraper.app - WARNING - Failed to get media details for BgTwNlVBJyz
2021-07-08 10:49:13,813 - instagram_scraper.app - WARNING - No Content-Length in response, the file 74602354_528872214624881_4262557107227365728_n.jpg may be partially downloaded
2021-07-08 10:49:13,814 - instagram_scraper.app - WARNING - No Content-Length in response, the file 71172390_138885517396595_8153962631948199668_n.jpg may be partially downloaded
2021-07-08 10:49:13,914 - instagram_scraper.app - WARNING - No Content-Length in response, the file 71094995_410831902954018_3717303910892215921_n.jpg may be partially downloaded
2021-07-08 10:49:13,923 - instagram_scraper.app - WARNING - No Content-Length in response, the file 70003968_2582011121886538_55266151180749380_n.jpg may be partially downloaded
2021-07-08 10:49:13,931 - instagram_scraper.app - WARNING - No Content-Length in response, the file 66386663_149323822832455_6060557376084512637_n.jpg may be partially downloaded
2021-07-08 10:49:13,932 - instagram_scraper.app - WARNING - No Content-Length in response, the file 18011977_1884653328472620_6553915051957288960_n.jpg may be partially downloaded
2021-07-08 10:49:13,936 - instagram_scraper.app - WARNING - No Content-Length in response, the file 16124200_1834716130118284_5912006346751868928_n.jpg may be partially downloaded
2021-07-08 10:49:13,992 - instagram_scraper.app - WARNING - No Content-Length in response, the file 14269132_1125587224200812_1855330306_n.jpg may be partially downloaded
2021-07-08 10:49:14,011 - instagram_scraper.app - WARNING - No Content-Length in response, the file 15877194_375740086139719_1045890679072358400_n.jpg may be partially downloaded
